Copyright 1986-2017 Xilinx, Inc. All Rights Reserved.
----------------------------------------------------------------------------------------
| Tool Version : Vivado v.2017.2_sdx (lin64) Build 1972098 Wed Aug 23 11:34:38 MDT 2017
| Date         : Fri Nov  1 17:13:19 2019
| Host         : gorgonzola.cs.cornell.edu running 64-bit unknown
| Command      : report_utilization -packthru -file ./par_utilization.rpt
| Design       : design_1_wrapper
| Device       : 7z020clg484-1
| Design State : Routed
----------------------------------------------------------------------------------------

Utilization Design Information

Table of Contents
-----------------
1. Slice Logic
1.1 Summary of Registers by Type
2. Slice Logic Distribution
3. Memory
4. DSP
5. IO and GT Specific
6. Clocking
7. Specific Feature
8. Primitives
9. Black Boxes
10. Instantiated Netlists

1. Slice Logic
--------------

+--------------------------------------+-------+-------+-----------+-------+
|               Site Type              |  Used | Fixed | Available | Util% |
+--------------------------------------+-------+-------+-----------+-------+
| Slice LUTs                           | 24672 |     0 |     53200 | 46.38 |
|   LUT as Logic                       | 16414 |     0 |     53200 | 30.85 |
|   LUT as Memory                      |  3815 |     0 |     17400 | 21.93 |
|     LUT as Distributed RAM           |  1624 |     0 |           |       |
|     LUT as Shift Register            |  2191 |     0 |           |       |
|   LUT used exclusively as pack-thrus |  4443 |     0 |     53200 |  8.35 |
| Slice Registers                      | 25957 |     0 |    106400 | 24.40 |
|   Register as Flip Flop              | 25957 |     0 |    106400 | 24.40 |
|   Register as Latch                  |     0 |     0 |    106400 |  0.00 |
|   Register as pack-thrus             |     0 |     0 |    106400 |  0.00 |
| F7 Muxes                             |   782 |     0 |     26600 |  2.94 |
| F8 Muxes                             |   128 |     0 |     13300 |  0.96 |
+--------------------------------------+-------+-------+-----------+-------+


1.1 Summary of Registers by Type
--------------------------------

+-------+--------------+-------------+--------------+
| Total | Clock Enable | Synchronous | Asynchronous |
+-------+--------------+-------------+--------------+
| 0     |            _ |           - |            - |
| 0     |            _ |           - |          Set |
| 0     |            _ |           - |        Reset |
| 0     |            _ |         Set |            - |
| 0     |            _ |       Reset |            - |
| 0     |          Yes |           - |            - |
| 1044  |          Yes |           - |          Set |
| 1752  |          Yes |           - |        Reset |
| 218   |          Yes |         Set |            - |
| 22943 |          Yes |       Reset |            - |
+-------+--------------+-------------+--------------+


2. Slice Logic Distribution
---------------------------

+-------------------------------------------+-------+-------+-----------+-------+
|                 Site Type                 |  Used | Fixed | Available | Util% |
+-------------------------------------------+-------+-------+-----------+-------+
| Slice                                     |  7783 |     0 |     13300 | 58.52 |
|   SLICEL                                  |  5258 |     0 |           |       |
|   SLICEM                                  |  2525 |     0 |           |       |
| LUT as Logic                              | 16414 |     0 |     53200 | 30.85 |
|   using O5 output only                    |     0 |       |           |       |
|   using O6 output only                    | 11408 |       |           |       |
|   using O5 and O6                         |  5006 |       |           |       |
| LUT as Memory                             |  3815 |     0 |     17400 | 21.93 |
|   LUT as Distributed RAM                  |  1624 |     0 |           |       |
|     using O5 output only                  |     0 |       |           |       |
|     using O6 output only                  |     8 |       |           |       |
|     using O5 and O6                       |  1616 |       |           |       |
|   LUT as Shift Register                   |  2191 |     0 |           |       |
|     using O5 output only                  |   273 |       |           |       |
|     using O6 output only                  |  1824 |       |           |       |
|     using O5 and O6                       |    94 |       |           |       |
| LUT used exclusively as pack-thrus        |  4443 |     0 |     53200 |  8.35 |
|   Number with same-slice carry load       |  2435 |       |           |       |
|   Number with same-slice register load    |  2307 |       |           |       |
|   Number with same-slice other load       |     0 |       |           |       |
| LUT Flip Flop Pairs                       |  9425 |     0 |     53200 | 17.72 |
|   fully used LUT-FF pairs                 |  3906 |       |           |       |
|   LUT-FF pairs with one unused LUT output |  4834 |       |           |       |
|   LUT-FF pairs with one unused Flip Flop  |  4682 |       |           |       |
| Unique Control Sets                       |   814 |       |           |       |
+-------------------------------------------+-------+-------+-----------+-------+
* Note: Review the Control Sets Report for more information regarding control sets.


3. Memory
---------

+-------------------+------+-------+-----------+-------+
|     Site Type     | Used | Fixed | Available | Util% |
+-------------------+------+-------+-----------+-------+
| Block RAM Tile    |   51 |     0 |       140 | 36.43 |
|   RAMB36/FIFO*    |   51 |     0 |       140 | 36.43 |
|     RAMB36E1 only |   51 |       |           |       |
|   RAMB18          |    0 |     0 |       280 |  0.00 |
+-------------------+------+-------+-----------+-------+
* Note: Each Block RAM Tile only has one FIFO logic available and therefore can accommodate only one FIFO36E1 or one FIFO18E1. However, if a FIFO18E1 occupies a Block RAM Tile, that tile can still accommodate a RAMB18E1


4. DSP
------

+----------------+------+-------+-----------+-------+
|    Site Type   | Used | Fixed | Available | Util% |
+----------------+------+-------+-----------+-------+
| DSPs           |   36 |     0 |       220 | 16.36 |
|   DSP48E1 only |   36 |       |           |       |
+----------------+------+-------+-----------+-------+


5. IO and GT Specific
---------------------

+-----------------------------+------+-------+-----------+--------+
|          Site Type          | Used | Fixed | Available |  Util% |
+-----------------------------+------+-------+-----------+--------+
| Bonded IOB                  |    0 |     0 |       200 |   0.00 |
| Bonded IPADs                |    0 |     0 |         2 |   0.00 |
| Bonded IOPADs               |  130 |   130 |       130 | 100.00 |
| PHY_CONTROL                 |    0 |     0 |         4 |   0.00 |
| PHASER_REF                  |    0 |     0 |         4 |   0.00 |
| OUT_FIFO                    |    0 |     0 |        16 |   0.00 |
| IN_FIFO                     |    0 |     0 |        16 |   0.00 |
| IDELAYCTRL                  |    0 |     0 |         4 |   0.00 |
| IBUFDS                      |    0 |     0 |       192 |   0.00 |
| PHASER_OUT/PHASER_OUT_PHY   |    0 |     0 |        16 |   0.00 |
| PHASER_IN/PHASER_IN_PHY     |    0 |     0 |        16 |   0.00 |
| IDELAYE2/IDELAYE2_FINEDELAY |    0 |     0 |       200 |   0.00 |
| ILOGIC                      |    0 |     0 |       200 |   0.00 |
| OLOGIC                      |    0 |     0 |       200 |   0.00 |
+-----------------------------+------+-------+-----------+--------+


6. Clocking
-----------

+------------+------+-------+-----------+-------+
|  Site Type | Used | Fixed | Available | Util% |
+------------+------+-------+-----------+-------+
| BUFGCTRL   |    2 |     0 |        32 |  6.25 |
| BUFIO      |    0 |     0 |        16 |  0.00 |
| MMCME2_ADV |    0 |     0 |         4 |  0.00 |
| PLLE2_ADV  |    0 |     0 |         4 |  0.00 |
| BUFMRCE    |    0 |     0 |         8 |  0.00 |
| BUFHCE     |    0 |     0 |        72 |  0.00 |
| BUFR       |    0 |     0 |        16 |  0.00 |
+------------+------+-------+-----------+-------+


7. Specific Feature
-------------------

+-------------+------+-------+-----------+-------+
|  Site Type  | Used | Fixed | Available | Util% |
+-------------+------+-------+-----------+-------+
| BSCANE2     |    0 |     0 |         4 |  0.00 |
| CAPTUREE2   |    0 |     0 |         1 |  0.00 |
| DNA_PORT    |    0 |     0 |         1 |  0.00 |
| EFUSE_USR   |    0 |     0 |         1 |  0.00 |
| FRAME_ECCE2 |    0 |     0 |         1 |  0.00 |
| ICAPE2      |    0 |     0 |         2 |  0.00 |
| STARTUPE2   |    0 |     0 |         1 |  0.00 |
| XADC        |    0 |     0 |         1 |  0.00 |
+-------------+------+-------+-----------+-------+


8. Primitives
-------------

+----------+-------+----------------------+
| Ref Name |  Used |  Functional Category |
+----------+-------+----------------------+
| FDRE     | 22943 |         Flop & Latch |
| LUT2     |  6452 |                  LUT |
| LUT3     |  4264 |                  LUT |
| LUT5     |  3903 |                  LUT |
| LUT6     |  3291 |                  LUT |
| LUT4     |  2796 |                  LUT |
| RAMD32   |  2432 |   Distributed Memory |
| SRL16E   |  2236 |   Distributed Memory |
| FDCE     |  1752 |         Flop & Latch |
| CARRY4   |  1120 |           CarryLogic |
| FDPE     |  1044 |         Flop & Latch |
| RAMS32   |   808 |   Distributed Memory |
| MUXF7    |   782 |                MuxFx |
| LUT1     |   714 |                  LUT |
| FDSE     |   218 |         Flop & Latch |
| BIBUF    |   130 |                   IO |
| MUXF8    |   128 |                MuxFx |
| RAMB36E1 |    51 |         Block Memory |
| SRLC32E  |    49 |   Distributed Memory |
| DSP48E1  |    36 |     Block Arithmetic |
| BUFG     |     2 |                Clock |
| PS7      |     1 | Specialized Resource |
+----------+-------+----------------------+


9. Black Boxes
--------------

+----------+------+
| Ref Name | Used |
+----------+------+


10. Instantiated Netlists
-------------------------

+-------------------------------------+------+
|               Ref Name              | Used |
+-------------------------------------+------+
| design_1_rst_ps7_0_125M_0           |    1 |
| design_1_processing_system7_0_0     |    1 |
| design_1_proc_sys_reset_fclk1_0     |    1 |
| design_1_axi_register_slice_3_0     |    1 |
| design_1_axi_register_slice_2_0     |    1 |
| design_1_axi_register_slice_1_0     |    1 |
| design_1_axi_register_slice_0_0     |    1 |
| design_1_axi_protocol_converter_3_0 |    1 |
| design_1_axi_protocol_converter_2_0 |    1 |
| design_1_axi_protocol_converter_1_0 |    1 |
| design_1_axi_protocol_converter_0_0 |    1 |
| design_1_axi_dwidth_converter_3_0   |    1 |
| design_1_axi_dwidth_converter_2_0   |    1 |
| design_1_axi_dwidth_converter_1_0   |    1 |
| design_1_axi_dwidth_converter_0_0   |    1 |
| design_1_axi_clock_converter_3_0    |    1 |
| design_1_axi_clock_converter_2_0    |    1 |
| design_1_axi_clock_converter_1_0    |    1 |
| design_1_axi_clock_converter_0_0    |    1 |
| design_1_auto_pc_0                  |    1 |
+-------------------------------------+------+


