Copyright 1986-2018 Xilinx, Inc. All Rights Reserved.
-------------------------------------------------------------------------------------------------------------------------------------------------------
| Tool Version : Vivado v.2018.3.op (lin64) Build 2405991 Thu Dec  6 23:36:41 MST 2018
| Date         : Thu Oct 17 10:10:24 2019
| Host         : ip-172-31-9-8.ec2.internal running 64-bit CentOS Linux release 7.6.1810 (Core)
| Command      : report_sdx_utilization -kernels { gemm_gemm:WRAPPER_INST/CL/gemm_1/inst:gemm_1} -file kernel_util_routed.rpt -name kernel_util_routed
| Design       : top_sp
| Device       : xcvu9p
| Design State : Routed
-------------------------------------------------------------------------------------------------------------------------------------------------------

SDx Utilization Design Information

Table of Contents
-----------------
1. SDx System Utilization

1. SDx System Utilization
-------------------------

+---------------------+-------------------+------------------+-------------------+----------------+---------------+----------------+
| Name                | LUT               | LUTMem           | REG               | BRAM           | URAM          | DSP            |
+---------------------+-------------------+------------------+-------------------+----------------+---------------+----------------+
| Platform            |  157672 [ 13.34%] |  12929 [  2.18%] |  221524 [  9.37%] |  251 [ 11.62%] |  43 [  4.48%] |    3 [  0.04%] |
| User Budget         | 1024096 [100.00%] | 578911 [100.00%] | 2142012 [100.00%] | 1909 [100.00%] | 917 [100.00%] | 6837 [100.00%] |
|    Used Resources   |    2691 [  0.26%] |    126 [  0.02%] |    3536 [  0.17%] |   49 [  2.57%] |   0 [  0.00%] |   39 [  0.57%] |
|    Unused Resources | 1021405 [ 99.74%] | 578785 [ 99.98%] | 2138476 [ 99.83%] | 1860 [ 97.43%] | 917 [100.00%] | 6798 [ 99.43%] |
| gemm_gemm           |    2691 [  0.26%] |    126 [  0.02%] |    3536 [  0.17%] |   49 [  2.57%] |   0 [  0.00%] |   39 [  0.57%] |
|    gemm_1           |    2691 [  0.26%] |    126 [  0.02%] |    3536 [  0.17%] |   49 [  2.57%] |   0 [  0.00%] |   39 [  0.57%] |
+---------------------+-------------------+------------------+-------------------+----------------+---------------+----------------+


